<?xml version="1.0" encoding="UTF-8"?>
<!-- Generated by org.testng.reporters.JUnitXMLReporter -->
<testsuite ignored="0" hostname="DEADPOOL" failures="0" tests="5" name="Default test" time="37.87" errors="0" timestamp="2022-06-04T15:29:22 IST">
  <testcase classname="TestClasses.VerifyUserCanBuyProduct" name="verifyusercanlogin" time="2.642"/>
  <testcase classname="TestClasses.VerifyUserCanBuyProduct" name="verifyusercansearch" time="3.237"/>
  <testcase classname="TestClasses.VerifyUserCanBuyProduct" name="verifyusercanselectproduct" time="2.38"/>
  <testcase classname="TestClasses.VerifyUserCanBuyProduct" name="verifyusercanplaceorder" time="3.631"/>
  <testcase classname="TestClasses.VerifyUserCanBuyProduct" name="verifyusercangotopaymentsc" time="6.266"/>
</testsuite> <!-- Default test -->
